c:\dev\ims\bin-int\debug-x64\ims\vc143.pdb
c:\dev\ims\bin-int\debug-x64\ims\vc143.idb
c:\dev\ims\bin-int\debug-x64\ims\product.obj
c:\dev\ims\bin-int\debug-x64\ims\main.obj
c:\dev\ims\bin-int\debug-x64\ims\ims.ilk
c:\dev\ims\bin\debug-x64\ims\ims.pdb
c:\dev\ims\bin-int\debug-x64\ims\ims.vcxproj.filelistabsolute.txt
c:\dev\ims\bin-int\debug-x64\ims\ims.tlog\cl.command.1.tlog
c:\dev\ims\bin-int\debug-x64\ims\ims.tlog\cl.items.tlog
c:\dev\ims\bin-int\debug-x64\ims\ims.tlog\cl.read.1.tlog
c:\dev\ims\bin-int\debug-x64\ims\ims.tlog\cl.write.1.tlog
c:\dev\ims\bin-int\debug-x64\ims\ims.tlog\link-cvtres.read.1.tlog
c:\dev\ims\bin-int\debug-x64\ims\ims.tlog\link-cvtres.write.1.tlog
c:\dev\ims\bin-int\debug-x64\ims\ims.tlog\link-rc.read.1.tlog
c:\dev\ims\bin-int\debug-x64\ims\ims.tlog\link-rc.write.1.tlog
c:\dev\ims\bin-int\debug-x64\ims\ims.tlog\link.15872-cvtres.read.1.tlog
c:\dev\ims\bin-int\debug-x64\ims\ims.tlog\link.15872-cvtres.write.1.tlog
c:\dev\ims\bin-int\debug-x64\ims\ims.tlog\link.15872-rc.read.1.tlog
c:\dev\ims\bin-int\debug-x64\ims\ims.tlog\link.15872-rc.write.1.tlog
c:\dev\ims\bin-int\debug-x64\ims\ims.tlog\link.15872.read.1.tlog
c:\dev\ims\bin-int\debug-x64\ims\ims.tlog\link.15872.read.2.tlog
c:\dev\ims\bin-int\debug-x64\ims\ims.tlog\link.15872.write.1.tlog
c:\dev\ims\bin-int\debug-x64\ims\ims.tlog\link.command.1.tlog
c:\dev\ims\bin-int\debug-x64\ims\ims.tlog\link.read.1.tlog
c:\dev\ims\bin-int\debug-x64\ims\ims.tlog\link.read.2.tlog
c:\dev\ims\bin-int\debug-x64\ims\ims.tlog\link.read.3.tlog
c:\dev\ims\bin-int\debug-x64\ims\ims.tlog\link.secondary.1.tlog
c:\dev\ims\bin-int\debug-x64\ims\ims.tlog\link.write.1.tlog
